C51 COMPILER V8.05a   UART                                                                 10/24/2018 17:42:19 PAGE 1   


C51 COMPILER V8.05a, COMPILATION OF MODULE UART
OBJECT MODULE PLACED IN uart.OBJ
COMPILER INVOKED BY: D:\Software\Keilc51\C51\BIN\C51.EXE uart.c BROWSE MODP2 DEBUG OBJECTEXTEND

line level    source

   1          
   2          //-----Fosc = 11.592MHz, Baud Rate = 9600-------//
   3          #include<reg51.h>
   4           
   5           
   6          void uart_init();
   7          void timer_init();
   8          void uart_tx(unsigned char x);
   9          unsigned char uart_rx();
  10          void uart_msg(unsigned char *c);
  11          void n_line();
  12           
  13          void delay(unsigned int ms);
  14           
  15          unsigned char tx_data;
  16           
  17          void main()
  18          {
  19   1          uart_init();
  20   1          uart_msg("Initializzing Serial Communication");
  21   1          n_line();
  22   1          delay(10);
  23   1          uart_msg("Processing.....");
  24   1          delay(1000);
  25   1          n_line();
  26   1          uart_msg("Connected");
  27   1          n_line();
  28   1          while(1)
  29   1          {
  30   2              uart_msg("<<");
  31   2              tx_data = uart_rx();
  32   2              n_line();
  33   2              n_line();
  34   2              uart_msg(">>");
  35   2              uart_tx(tx_data);
  36   2              n_line();
  37   2              n_line();
  38   2          }
  39   1      }
  40           
  41          void uart_init()
  42          {
  43   1          SCON = 0x50;
  44   1          timer_init();
  45   1      }
  46           
  47          void timer_init()
  48          {
  49   1          TMOD = 0x20;
  50   1          TH1 = 0xFD;
  51   1          TR1 = 1;
  52   1      }
  53           
  54          void uart_tx(unsigned char x)
  55          {
C51 COMPILER V8.05a   UART                                                                 10/24/2018 17:42:19 PAGE 2   

  56   1          SBUF = x;
  57   1          while(!TI);
  58   1          TI = 0;
  59   1      }
  60           
  61          unsigned char uart_rx()
  62          {
  63   1          unsigned char z;
  64   1          while(!RI);
  65   1          z = SBUF;
  66   1          RI = 0;
  67   1          return(z);
  68   1      }
  69           
  70          void uart_msg(unsigned char *c)
  71          {
  72   1          while(*c != 0)
  73   1          {
  74   2              uart_tx(*c++);
  75   2          }
  76   1      }
  77           
  78          void delay(unsigned int ms)
  79          {
  80   1          int i,j;
  81   1          for(i=0;i<=ms;i++)
  82   1              for(j=0;j<=120;j++);
  83   1      }
  84           
  85          void n_line()
  86          {
  87   1          uart_tx(0x0d);
  88   1      }


MODULE INFORMATION:   STATIC OVERLAYABLE
   CODE SIZE        =    200    ----
   CONSTANT SIZE    =     67    ----
   XDATA SIZE       =   ----    ----
   PDATA SIZE       =   ----    ----
   DATA SIZE        =      1       3
   IDATA SIZE       =   ----    ----
   BIT SIZE         =   ----    ----
END OF MODULE INFORMATION.


C51 COMPILATION COMPLETE.  0 WARNING(S),  0 ERROR(S)
